0 info it worked if it ends with ok
1 verbose cli [ '/usr/bin/nodejs', '/usr/bin/npm', 'run', 'dist' ]
2 info using npm@2.15.11
3 info using node@v4.6.2
4 verbose run-script [ 'predist', 'dist', 'postdist' ]
5 info predist ghapp@
6 info dist ghapp@
7 verbose unsafe-perm in lifecycle true
8 info ghapp@ Failed to exec dist script
9 verbose stack Error: ghapp@ dist: `grunt serve:dist`
9 verbose stack Exit status 3
9 verbose stack     at EventEmitter.<anonymous> (/usr/lib/node_modules/npm/lib/utils/lifecycle.js:217:16)
9 verbose stack     at emitTwo (events.js:87:13)
9 verbose stack     at EventEmitter.emit (events.js:172:7)
9 verbose stack     at ChildProcess.<anonymous> (/usr/lib/node_modules/npm/lib/utils/spawn.js:24:14)
9 verbose stack     at emitTwo (events.js:87:13)
9 verbose stack     at ChildProcess.emit (events.js:172:7)
9 verbose stack     at maybeClose (internal/child_process.js:854:16)
9 verbose stack     at Process.ChildProcess._handle.onexit (internal/child_process.js:222:5)
10 verbose pkgid ghapp@
11 verbose cwd /home/otawara/ria/gh-app
12 error Linux 4.4.0-93-generic
13 error argv "/usr/bin/nodejs" "/usr/bin/npm" "run" "dist"
14 error node v4.6.2
15 error npm  v2.15.11
16 error code ELIFECYCLE
17 error ghapp@ dist: `grunt serve:dist`
17 error Exit status 3
18 error Failed at the ghapp@ dist script 'grunt serve:dist'.
18 error This is most likely a problem with the ghapp package,
18 error not with npm itself.
18 error Tell the author that this fails on your system:
18 error     grunt serve:dist
18 error You can get information on how to open an issue for this project with:
18 error     npm bugs ghapp
18 error Or if that isn't available, you can get their info via:
18 error
18 error     npm owner ls ghapp
18 error There is likely additional logging output above.
19 verbose exit [ 1, true ]
